2026-04-21 14:49:43 | INFO     | bot | === Paper trading bot starting ===
2026-04-21 14:49:46 | INFO     | bot | --- Market is open. Running signal cycle. ---
2026-04-21 14:49:47 | ERROR    | bot | SPY | Unhandled error during processing:
Traceback (most recent call last):
  File "C:\Users\kumar\testimplementation\.venv\Lib\site-packages\alpaca\common\rest.py", line 198, in _one_request
    response.raise_for_status()
    ~~~~~~~~~~~~~~~~~~~~~~~~~^^
  File "C:\Users\kumar\testimplementation\.venv\Lib\site-packages\requests\models.py", line 1028, in raise_for_status
    raise HTTPError(http_error_msg, response=self)
requests.exceptions.HTTPError: 403 Client Error: Forbidden for url: https://data.alpaca.markets/v2/stocks/bars?start=2026-04-16T18%3A49%3A46.487611%2B00%3A00&end=2026-04-21T18%3A49%3A46.487611%2B00%3A00&limit=90&timeframe=1Min&symbols=SPY

During handling of the above exception, another exception occurred:

Traceback (most recent call last):
  File "C:\Users\kumar\testimplementation\bot.py", line 104, in run
    process_symbol(symbol)
    ~~~~~~~~~~~~~~^^^^^^^^
  File "C:\Users\kumar\testimplementation\bot.py", line 34, in process_symbol
    df = fetch_bars(symbol)
  File "C:\Users\kumar\testimplementation\data.py", line 32, in fetch_bars
    bars = _data_client.get_stock_bars(request)
  File "C:\Users\kumar\testimplementation\.venv\Lib\site-packages\alpaca\data\historical\stock.py", line 87, in get_stock_bars
    raw_bars = self._get_marketdata(
        path="/stocks/bars",
        params=request_params.to_request_fields(),
        page_size=10_000,
    )
  File "C:\Users\kumar\testimplementation\.venv\Lib\site-packages\alpaca\common\rest.py", line 393, in _get_marketdata
    response = self.get(path=path, data=params)
  File "C:\Users\kumar\testimplementation\.venv\Lib\site-packages\alpaca\common\rest.py", line 225, in get
    return self._request("GET", path, data, **kwargs)
           ~~~~~~~~~~~~~^^^^^^^^^^^^^^^^^^^^^^^^^^^^^
  File "C:\Users\kumar\testimplementation\.venv\Lib\site-packages\alpaca\common\rest.py", line 131, in _request
    return self._one_request(method, url, opts, retry)
           ~~~~~~~~~~~~~~~~~^^^^^^^^^^^^^^^^^^^^^^^^^^
  File "C:\Users\kumar\testimplementation\.venv\Lib\site-packages\alpaca\common\rest.py", line 207, in _one_request
    raise APIError(error, http_error)
alpaca.common.exceptions.APIError: {"message":"subscription does not permit querying recent SIP data"}


2026-04-21 14:49:47 | ERROR    | bot | MSFT | Unhandled error during processing:
Traceback (most recent call last):
  File "C:\Users\kumar\testimplementation\.venv\Lib\site-packages\alpaca\common\rest.py", line 198, in _one_request
    response.raise_for_status()
    ~~~~~~~~~~~~~~~~~~~~~~~~~^^
  File "C:\Users\kumar\testimplementation\.venv\Lib\site-packages\requests\models.py", line 1028, in raise_for_status
    raise HTTPError(http_error_msg, response=self)
requests.exceptions.HTTPError: 403 Client Error: Forbidden for url: https://data.alpaca.markets/v2/stocks/bars?start=2026-04-16T18%3A49%3A47.213396%2B00%3A00&end=2026-04-21T18%3A49%3A47.213396%2B00%3A00&limit=90&timeframe=1Min&symbols=MSFT

During handling of the above exception, another exception occurred:

Traceback (most recent call last):
  File "C:\Users\kumar\testimplementation\bot.py", line 104, in run
    process_symbol(symbol)
    ~~~~~~~~~~~~~~^^^^^^^^
  File "C:\Users\kumar\testimplementation\bot.py", line 34, in process_symbol
    df = fetch_bars(symbol)
  File "C:\Users\kumar\testimplementation\data.py", line 32, in fetch_bars
    bars = _data_client.get_stock_bars(request)
  File "C:\Users\kumar\testimplementation\.venv\Lib\site-packages\alpaca\data\historical\stock.py", line 87, in get_stock_bars
    raw_bars = self._get_marketdata(
        path="/stocks/bars",
        params=request_params.to_request_fields(),
        page_size=10_000,
    )
  File "C:\Users\kumar\testimplementation\.venv\Lib\site-packages\alpaca\common\rest.py", line 393, in _get_marketdata
    response = self.get(path=path, data=params)
  File "C:\Users\kumar\testimplementation\.venv\Lib\site-packages\alpaca\common\rest.py", line 225, in get
    return self._request("GET", path, data, **kwargs)
           ~~~~~~~~~~~~~^^^^^^^^^^^^^^^^^^^^^^^^^^^^^
  File "C:\Users\kumar\testimplementation\.venv\Lib\site-packages\alpaca\common\rest.py", line 131, in _request
    return self._one_request(method, url, opts, retry)
           ~~~~~~~~~~~~~~~~~^^^^^^^^^^^^^^^^^^^^^^^^^^
  File "C:\Users\kumar\testimplementation\.venv\Lib\site-packages\alpaca\common\rest.py", line 207, in _one_request
    raise APIError(error, http_error)
alpaca.common.exceptions.APIError: {"message":"subscription does not permit querying recent SIP data"}


2026-04-21 14:49:47 | ERROR    | bot | AAPL | Unhandled error during processing:
Traceback (most recent call last):
  File "C:\Users\kumar\testimplementation\.venv\Lib\site-packages\alpaca\common\rest.py", line 198, in _one_request
    response.raise_for_status()
    ~~~~~~~~~~~~~~~~~~~~~~~~~^^
  File "C:\Users\kumar\testimplementation\.venv\Lib\site-packages\requests\models.py", line 1028, in raise_for_status
    raise HTTPError(http_error_msg, response=self)
requests.exceptions.HTTPError: 403 Client Error: Forbidden for url: https://data.alpaca.markets/v2/stocks/bars?start=2026-04-16T18%3A49%3A47.249696%2B00%3A00&end=2026-04-21T18%3A49%3A47.249696%2B00%3A00&limit=90&timeframe=1Min&symbols=AAPL

During handling of the above exception, another exception occurred:

Traceback (most recent call last):
  File "C:\Users\kumar\testimplementation\bot.py", line 104, in run
    process_symbol(symbol)
    ~~~~~~~~~~~~~~^^^^^^^^
  File "C:\Users\kumar\testimplementation\bot.py", line 34, in process_symbol
    df = fetch_bars(symbol)
  File "C:\Users\kumar\testimplementation\data.py", line 32, in fetch_bars
    bars = _data_client.get_stock_bars(request)
  File "C:\Users\kumar\testimplementation\.venv\Lib\site-packages\alpaca\data\historical\stock.py", line 87, in get_stock_bars
    raw_bars = self._get_marketdata(
        path="/stocks/bars",
        params=request_params.to_request_fields(),
        page_size=10_000,
    )
  File "C:\Users\kumar\testimplementation\.venv\Lib\site-packages\alpaca\common\rest.py", line 393, in _get_marketdata
    response = self.get(path=path, data=params)
  File "C:\Users\kumar\testimplementation\.venv\Lib\site-packages\alpaca\common\rest.py", line 225, in get
    return self._request("GET", path, data, **kwargs)
           ~~~~~~~~~~~~~^^^^^^^^^^^^^^^^^^^^^^^^^^^^^
  File "C:\Users\kumar\testimplementation\.venv\Lib\site-packages\alpaca\common\rest.py", line 131, in _request
    return self._one_request(method, url, opts, retry)
           ~~~~~~~~~~~~~~~~~^^^^^^^^^^^^^^^^^^^^^^^^^^
  File "C:\Users\kumar\testimplementation\.venv\Lib\site-packages\alpaca\common\rest.py", line 207, in _one_request
    raise APIError(error, http_error)
alpaca.common.exceptions.APIError: {"message":"subscription does not permit querying recent SIP data"}


2026-04-21 14:49:47 | INFO     | bot | Cycle complete. Sleeping 60s.
2026-04-21 14:49:59 | INFO     | bot | Bot stopped by user (KeyboardInterrupt).
